<?xml version="1.0" encoding="UTF-8"?>
<testsuite xmlns:xsi="http://www.w3.org/2001/XMLSchema-instance" xsi:schemaLocation="https://maven.apache.org/surefire/maven-surefire-plugin/xsd/surefire-test-report.xsd" name="com.dunzo.coffeemachine.CoffeeMachineIT" time="0.975" tests="10" errors="0" skipped="1" failures="6">
  <properties>
[...]
</properties>
  <testcase name="t0_setupMachine" classname="com.dunzo.coffeemachine.CoffeeMachineIT" time="0.038"/>
  <testcase name="t1_startMachine" classname="com.dunzo.coffeemachine.CoffeeMachineIT" time="0.389">
    <failure type="java.lang.AssertionError">java.lang.AssertionError
	at com.dunzo.coffeemachine.CoffeeMachineIT.t1_startMachine(CoffeeMachineIT.java:54)
</failure>
  </testcase>
  <testcase name="t2_stopMachine" classname="com.dunzo.coffeemachine.CoffeeMachineIT" time="0.038">
    <failure type="java.lang.AssertionError">java.lang.AssertionError
	at com.dunzo.coffeemachine.CoffeeMachineIT.t2_stopMachine(CoffeeMachineIT.java:75)
</failure>
  </testcase>
  <testcase name="t3_restartMachine" classname="com.dunzo.coffeemachine.CoffeeMachineIT" time="0.404">
    <failure type="java.lang.AssertionError">java.lang.AssertionError
	at com.dunzo.coffeemachine.CoffeeMachineIT.t3_restartMachine(CoffeeMachineIT.java:101)
</failure>
    <system-out><![CDATA[Unable to copy setup configurations.
]]></system-out>
    <system-err><![CDATA[java.nio.file.FileSystemException: coffeeConfig.json: The process cannot access the file because it is being used by another process.

	at sun.nio.fs.WindowsException.translateToIOException(WindowsException.java:86)
	at sun.nio.fs.WindowsException.rethrowAsIOException(WindowsException.java:97)
	at sun.nio.fs.WindowsException.rethrowAsIOException(WindowsException.java:102)
	at sun.nio.fs.WindowsFileCopy.copy(WindowsFileCopy.java:165)
	at sun.nio.fs.WindowsFileSystemProvider.copy(WindowsFileSystemProvider.java:278)
	at java.nio.file.Files.copy(Files.java:1274)
	at com.dunzo.coffeemachine.services.PowerService.setupMachine(PowerService.java:43)
	at com.dunzo.coffeemachine.services.PowerService.restartMachine(PowerService.java:121)
	at com.dunzo.coffeemachine.CoffeeMachineIT.t3_restartMachine(CoffeeMachineIT.java:94)
	at sun.reflect.NativeMethodAccessorImpl.invoke0(Native Method)
	at sun.reflect.NativeMethodAccessorImpl.invoke(NativeMethodAccessorImpl.java:62)
	at sun.reflect.DelegatingMethodAccessorImpl.invoke(DelegatingMethodAccessorImpl.java:43)
	at java.lang.reflect.Method.invoke(Method.java:498)
	at org.junit.runners.model.FrameworkMethod$1.runReflectiveCall(FrameworkMethod.java:50)
	at org.junit.internal.runners.model.ReflectiveCallable.run(ReflectiveCallable.java:12)
	at org.junit.runners.model.FrameworkMethod.invokeExplosively(FrameworkMethod.java:47)
	at org.junit.internal.runners.statements.InvokeMethod.evaluate(InvokeMethod.java:17)
	at org.junit.runners.ParentRunner.runLeaf(ParentRunner.java:325)
	at org.junit.runners.BlockJUnit4ClassRunner.runChild(BlockJUnit4ClassRunner.java:78)
	at org.junit.runners.BlockJUnit4ClassRunner.runChild(BlockJUnit4ClassRunner.java:57)
	at org.junit.runners.ParentRunner$3.run(ParentRunner.java:290)
	at org.junit.runners.ParentRunner$1.schedule(ParentRunner.java:71)
	at org.junit.runners.ParentRunner.runChildren(ParentRunner.java:288)
	at org.junit.runners.ParentRunner.access$000(ParentRunner.java:58)
	at org.junit.runners.ParentRunner$2.evaluate(ParentRunner.java:268)
	at org.junit.runners.ParentRunner.run(ParentRunner.java:363)
	at org.apache.maven.surefire.junit4.JUnit4Provider.execute(JUnit4Provider.java:367)
	at org.apache.maven.surefire.junit4.JUnit4Provider.executeWithRerun(JUnit4Provider.java:274)
	at org.apache.maven.surefire.junit4.JUnit4Provider.executeTestSet(JUnit4Provider.java:238)
	at org.apache.maven.surefire.junit4.JUnit4Provider.invoke(JUnit4Provider.java:161)
	at org.apache.maven.surefire.booter.ForkedBooter.invokeProviderInSameClassLoader(ForkedBooter.java:290)
	at org.apache.maven.surefire.booter.ForkedBooter.runSuitesInProcess(ForkedBooter.java:242)
	at org.apache.maven.surefire.booter.ForkedBooter.main(ForkedBooter.java:121)
]]></system-err>
  </testcase>
  <testcase name="t4_pourSingleBeverage" classname="com.dunzo.coffeemachine.CoffeeMachineIT" time="0"/>
  <testcase name="t5_pourMultipleBeverages" classname="com.dunzo.coffeemachine.CoffeeMachineIT" time="0">
    <skipped/>
  </testcase>
  <testcase name="t6_refillAllIngredients" classname="com.dunzo.coffeemachine.CoffeeMachineIT" time="0">
    <failure type="java.lang.AssertionError">java.lang.AssertionError
	at com.dunzo.coffeemachine.CoffeeMachineIT.t6_refillAllIngredients(CoffeeMachineIT.java:146)
</failure>
  </testcase>
  <testcase name="t7_refillIngredientsRunningLow" classname="com.dunzo.coffeemachine.CoffeeMachineIT" time="0"/>
  <testcase name="t8_refillSingleIngredient" classname="com.dunzo.coffeemachine.CoffeeMachineIT" time="0">
    <failure type="java.lang.AssertionError">java.lang.AssertionError
	at com.dunzo.coffeemachine.CoffeeMachineIT.t8_refillSingleIngredient(CoffeeMachineIT.java:189)
</failure>
  </testcase>
  <testcase name="t9_refillMultipleIngredients" classname="com.dunzo.coffeemachine.CoffeeMachineIT" time="0.001">
    <failure type="java.lang.AssertionError">java.lang.AssertionError
	at com.dunzo.coffeemachine.CoffeeMachineIT.t9_refillMultipleIngredients(CoffeeMachineIT.java:218)
</failure>
  </testcase>
</testsuite>